{"/Users/sozdursun/WebStorm/resume/src/components/CertificatesComponents.tsx": {"path":"/Users/sozdursun/WebStorm/resume/src/components/CertificatesComponents.tsx","statementMap":{"0":{"start":{"line":13,"column":31},"end":{"line":91,"column":1}},"1":{"start":{"line":14,"column":56},"end":{"line":14,"column":78}},"2":{"start":{"line":16,"column":22},"end":{"line":23,"column":3}},"3":{"start":{"line":17,"column":4},"end":{"line":22,"column":7}},"4":{"start":{"line":18,"column":6},"end":{"line":20,"column":7}},"5":{"start":{"line":19,"column":8},"end":{"line":19,"column":54}},"6":{"start":{"line":21,"column":6},"end":{"line":21,"column":30}},"7":{"start":{"line":25,"column":23},"end":{"line":56,"column":3}},"8":{"start":{"line":58,"column":2},"end":{"line":90,"column":4}},"9":{"start":{"line":65,"column":10},"end":{"line":86,"column":28}},"10":{"start":{"line":70,"column":29},"end":{"line":70,"column":58}}},"fnMap":{"0":{"name":"(anonymous_0)","decl":{"start":{"line":13,"column":31},"end":{"line":13,"column":32}},"loc":{"start":{"line":13,"column":37},"end":{"line":91,"column":1}},"line":13},"1":{"name":"(anonymous_1)","decl":{"start":{"line":16,"column":22},"end":{"line":16,"column":23}},"loc":{"start":{"line":16,"column":51},"end":{"line":23,"column":3}},"line":16},"2":{"name":"(anonymous_2)","decl":{"start":{"line":17,"column":27},"end":{"line":17,"column":28}},"loc":{"start":{"line":17,"column":47},"end":{"line":22,"column":5}},"line":17},"3":{"name":"(anonymous_3)","decl":{"start":{"line":64,"column":26},"end":{"line":64,"column":27}},"loc":{"start":{"line":65,"column":10},"end":{"line":86,"column":28}},"line":65},"4":{"name":"(anonymous_4)","decl":{"start":{"line":70,"column":23},"end":{"line":70,"column":24}},"loc":{"start":{"line":70,"column":29},"end":{"line":70,"column":58}},"line":70}},"branchMap":{"0":{"loc":{"start":{"line":18,"column":6},"end":{"line":20,"column":7}},"type":"if","locations":[{"start":{"line":18,"column":6},"end":{"line":20,"column":7}},{"start":{},"end":{}}],"line":18}},"s":{"0":1,"1":6,"2":6,"3":3,"4":3,"5":2,"6":1,"7":6,"8":6,"9":36,"10":3},"f":{"0":6,"1":3,"2":3,"3":36,"4":3},"b":{"0":[2,1]},"_coverageSchema":"1a1c01bbd47fc00a2c39e90264f33305004495a9","hash":"ee85167b84e1817704777f78468785fd2477d9d0"}
,"/Users/sozdursun/WebStorm/resume/src/components/ContactForm.tsx": {"path":"/Users/sozdursun/WebStorm/resume/src/components/ContactForm.tsx","statementMap":{"0":{"start":{"line":38,"column":30},"end":{"line":254,"column":1}},"1":{"start":{"line":39,"column":34},"end":{"line":43,"column":4}},"2":{"start":{"line":45,"column":42},"end":{"line":45,"column":57}},"3":{"start":{"line":46,"column":40},"end":{"line":46,"column":55}},"4":{"start":{"line":47,"column":32},"end":{"line":47,"column":47}},"5":{"start":{"line":48,"column":48},"end":{"line":48,"column":60}},"6":{"start":{"line":49,"column":50},"end":{"line":51,"column":3}},"7":{"start":{"line":52,"column":40},"end":{"line":56,"column":4}},"8":{"start":{"line":58,"column":18},"end":{"line":58,"column":47}},"9":{"start":{"line":59,"column":23},"end":{"line":59,"column":53}},"10":{"start":{"line":61,"column":2},"end":{"line":65,"column":20}},"11":{"start":{"line":62,"column":4},"end":{"line":64,"column":5}},"12":{"start":{"line":63,"column":6},"end":{"line":63,"column":35}},"13":{"start":{"line":67,"column":23},"end":{"line":84,"column":3}},"14":{"start":{"line":70,"column":39},"end":{"line":70,"column":47}},"15":{"start":{"line":71,"column":26},"end":{"line":71,"column":38}},"16":{"start":{"line":72,"column":29},"end":{"line":72,"column":46}},"17":{"start":{"line":74,"column":4},"end":{"line":78,"column":5}},"18":{"start":{"line":75,"column":6},"end":{"line":75,"column":55}},"19":{"start":{"line":77,"column":6},"end":{"line":77,"column":56}},"20":{"start":{"line":80,"column":4},"end":{"line":83,"column":7}},"21":{"start":{"line":86,"column":30},"end":{"line":88,"column":3}},"22":{"start":{"line":87,"column":4},"end":{"line":87,"column":27}},"23":{"start":{"line":90,"column":30},"end":{"line":92,"column":8}},"24":{"start":{"line":91,"column":4},"end":{"line":91,"column":25}},"25":{"start":{"line":94,"column":26},"end":{"line":96,"column":3}},"26":{"start":{"line":95,"column":4},"end":{"line":95,"column":26}},"27":{"start":{"line":98,"column":23},"end":{"line":136,"column":3}},"28":{"start":{"line":99,"column":4},"end":{"line":99,"column":23}},"29":{"start":{"line":101,"column":4},"end":{"line":129,"column":5}},"30":{"start":{"line":102,"column":6},"end":{"line":102,"column":23}},"31":{"start":{"line":104,"column":6},"end":{"line":109,"column":8}},"32":{"start":{"line":111,"column":6},"end":{"line":111,"column":55}},"33":{"start":{"line":112,"column":6},"end":{"line":112,"column":37}},"34":{"start":{"line":113,"column":6},"end":{"line":113,"column":28}},"35":{"start":{"line":114,"column":6},"end":{"line":114,"column":28}},"36":{"start":{"line":116,"column":6},"end":{"line":121,"column":7}},"37":{"start":{"line":120,"column":8},"end":{"line":120,"column":79}},"38":{"start":{"line":123,"column":6},"end":{"line":123,"column":53}},"39":{"start":{"line":124,"column":6},"end":{"line":124,"column":70}},"40":{"start":{"line":125,"column":6},"end":{"line":125,"column":35}},"41":{"start":{"line":126,"column":6},"end":{"line":126,"column":28}},"42":{"start":{"line":128,"column":6},"end":{"line":128,"column":24}},"43":{"start":{"line":131,"column":4},"end":{"line":135,"column":7}},"44":{"start":{"line":138,"column":37},"end":{"line":144,"column":5}},"45":{"start":{"line":146,"column":2},"end":{"line":253,"column":4}}},"fnMap":{"0":{"name":"(anonymous_0)","decl":{"start":{"line":38,"column":30},"end":{"line":38,"column":31}},"loc":{"start":{"line":38,"column":36},"end":{"line":254,"column":1}},"line":38},"1":{"name":"(anonymous_1)","decl":{"start":{"line":61,"column":12},"end":{"line":61,"column":13}},"loc":{"start":{"line":61,"column":18},"end":{"line":65,"column":3}},"line":61},"2":{"name":"(anonymous_2)","decl":{"start":{"line":67,"column":23},"end":{"line":67,"column":24}},"loc":{"start":{"line":69,"column":7},"end":{"line":84,"column":3}},"line":69},"3":{"name":"(anonymous_3)","decl":{"start":{"line":86,"column":30},"end":{"line":86,"column":31}},"loc":{"start":{"line":86,"column":36},"end":{"line":88,"column":3}},"line":86},"4":{"name":"(anonymous_4)","decl":{"start":{"line":90,"column":42},"end":{"line":90,"column":43}},"loc":{"start":{"line":90,"column":48},"end":{"line":92,"column":3}},"line":90},"5":{"name":"(anonymous_5)","decl":{"start":{"line":94,"column":26},"end":{"line":94,"column":27}},"loc":{"start":{"line":94,"column":32},"end":{"line":96,"column":3}},"line":94},"6":{"name":"(anonymous_6)","decl":{"start":{"line":98,"column":23},"end":{"line":98,"column":24}},"loc":{"start":{"line":98,"column":64},"end":{"line":136,"column":3}},"line":98}},"branchMap":{"0":{"loc":{"start":{"line":62,"column":4},"end":{"line":64,"column":5}},"type":"if","locations":[{"start":{"line":62,"column":4},"end":{"line":64,"column":5}},{"start":{},"end":{}}],"line":62},"1":{"loc":{"start":{"line":62,"column":8},"end":{"line":62,"column":43}},"type":"binary-expr","locations":[{"start":{"line":62,"column":8},"end":{"line":62,"column":19}},{"start":{"line":62,"column":23},"end":{"line":62,"column":43}}],"line":62},"2":{"loc":{"start":{"line":74,"column":4},"end":{"line":78,"column":5}},"type":"if","locations":[{"start":{"line":74,"column":4},"end":{"line":78,"column":5}},{"start":{"line":76,"column":11},"end":{"line":78,"column":5}}],"line":74},"3":{"loc":{"start":{"line":116,"column":6},"end":{"line":121,"column":7}},"type":"if","locations":[{"start":{"line":116,"column":6},"end":{"line":121,"column":7}},{"start":{},"end":{}}],"line":116},"4":{"loc":{"start":{"line":117,"column":8},"end":{"line":118,"column":60}},"type":"binary-expr","locations":[{"start":{"line":117,"column":8},"end":{"line":117,"column":23}},{"start":{"line":118,"column":8},"end":{"line":118,"column":60}}],"line":117},"5":{"loc":{"start":{"line":149,"column":9},"end":{"line":165,"column":9}},"type":"binary-expr","locations":[{"start":{"line":149,"column":9},"end":{"line":149,"column":21}},{"start":{"line":150,"column":10},"end":{"line":164,"column":30}}],"line":149},"6":{"loc":{"start":{"line":167,"column":9},"end":{"line":233,"column":9}},"type":"binary-expr","locations":[{"start":{"line":167,"column":9},"end":{"line":167,"column":20}},{"start":{"line":168,"column":10},"end":{"line":232,"column":29}}],"line":167},"7":{"loc":{"start":{"line":187,"column":26},"end":{"line":187,"column":73}},"type":"binary-expr","locations":[{"start":{"line":187,"column":26},"end":{"line":187,"column":42}},{"start":{"line":187,"column":46},"end":{"line":187,"column":73}}],"line":187},"8":{"loc":{"start":{"line":189,"column":15},"end":{"line":191,"column":15}},"type":"binary-expr","locations":[{"start":{"line":189,"column":15},"end":{"line":189,"column":31}},{"start":{"line":190,"column":16},"end":{"line":190,"column":73}}],"line":189},"9":{"loc":{"start":{"line":203,"column":26},"end":{"line":203,"column":74}},"type":"binary-expr","locations":[{"start":{"line":203,"column":26},"end":{"line":203,"column":43}},{"start":{"line":203,"column":47},"end":{"line":203,"column":74}}],"line":203},"10":{"loc":{"start":{"line":205,"column":15},"end":{"line":207,"column":15}},"type":"binary-expr","locations":[{"start":{"line":205,"column":15},"end":{"line":205,"column":32}},{"start":{"line":206,"column":16},"end":{"line":206,"column":73}}],"line":205},"11":{"loc":{"start":{"line":220,"column":15},"end":{"line":222,"column":15}},"type":"binary-expr","locations":[{"start":{"line":220,"column":15},"end":{"line":220,"column":34}},{"start":{"line":221,"column":16},"end":{"line":221,"column":77}}],"line":220},"12":{"loc":{"start":{"line":230,"column":15},"end":{"line":230,"column":46}},"type":"cond-expr","locations":[{"start":{"line":230,"column":25},"end":{"line":230,"column":37}},{"start":{"line":230,"column":40},"end":{"line":230,"column":46}}],"line":230}},"s":{"0":1,"1":29,"2":28,"3":28,"4":28,"5":28,"6":28,"7":28,"8":28,"9":28,"10":28,"11":17,"12":7,"13":28,"14":9,"15":9,"16":9,"17":9,"18":3,"19":6,"20":9,"21":28,"22":0,"23":28,"24":7,"25":28,"26":0,"27":28,"28":2,"29":2,"30":2,"31":2,"32":2,"33":2,"34":2,"35":2,"36":2,"37":0,"38":0,"39":0,"40":0,"41":0,"42":2,"43":2,"44":28,"45":28},"f":{"0":29,"1":17,"2":9,"3":0,"4":7,"5":0,"6":2},"b":{"0":[7,10],"1":[17,7],"2":[3,6],"3":[0,2],"4":[2,2],"5":[28,10],"6":[28,18],"7":[18,17],"8":[18,1],"9":[18,17],"10":[18,1],"11":[18,1],"12":[2,16]},"_coverageSchema":"1a1c01bbd47fc00a2c39e90264f33305004495a9","hash":"5c22f8840b45163e6826d7519666a04633af8ac1"}
,"/Users/sozdursun/WebStorm/resume/src/components/PracticePageStyl.tsx": {"path":"/Users/sozdursun/WebStorm/resume/src/components/PracticePageStyl.tsx","statementMap":{"0":{"start":{"line":3,"column":18},"end":{"line":7,"column":1}},"1":{"start":{"line":9,"column":15},"end":{"line":15,"column":1}},"2":{"start":{"line":17,"column":19},"end":{"line":22,"column":1}},"3":{"start":{"line":24,"column":15},"end":{"line":26,"column":1}},"4":{"start":{"line":28,"column":13},"end":{"line":32,"column":1}},"5":{"start":{"line":34,"column":18},"end":{"line":37,"column":1}},"6":{"start":{"line":39,"column":14},"end":{"line":43,"column":1}},"7":{"start":{"line":45,"column":20},"end":{"line":48,"column":1}},"8":{"start":{"line":50,"column":22},"end":{"line":53,"column":1}},"9":{"start":{"line":55,"column":22},"end":{"line":60,"column":1}},"10":{"start":{"line":62,"column":14},"end":{"line":68,"column":1}},"11":{"start":{"line":70,"column":15},"end":{"line":84,"column":1}},"12":{"start":{"line":86,"column":16},"end":{"line":91,"column":1}},"13":{"start":{"line":93,"column":15},"end":{"line":95,"column":1}}},"fnMap":{},"branchMap":{},"s":{"0":1,"1":1,"2":1,"3":1,"4":1,"5":1,"6":1,"7":1,"8":1,"9":1,"10":1,"11":1,"12":1,"13":1},"f":{},"b":{},"_coverageSchema":"1a1c01bbd47fc00a2c39e90264f33305004495a9","hash":"7281c75f40b18463a218f012f36fd25027ba26d4"}
,"/Users/sozdursun/WebStorm/resume/src/components/SkillsComponents.tsx": {"path":"/Users/sozdursun/WebStorm/resume/src/components/SkillsComponents.tsx","statementMap":{"0":{"start":{"line":12,"column":32},"end":{"line":60,"column":1}},"1":{"start":{"line":13,"column":17},"end":{"line":39,"column":3}},"2":{"start":{"line":41,"column":2},"end":{"line":59,"column":4}},"3":{"start":{"line":45,"column":8},"end":{"line":56,"column":16}}},"fnMap":{"0":{"name":"(anonymous_0)","decl":{"start":{"line":12,"column":32},"end":{"line":12,"column":33}},"loc":{"start":{"line":12,"column":38},"end":{"line":60,"column":1}},"line":12},"1":{"name":"(anonymous_1)","decl":{"start":{"line":44,"column":18},"end":{"line":44,"column":19}},"loc":{"start":{"line":45,"column":8},"end":{"line":56,"column":16}},"line":45}},"branchMap":{},"s":{"0":1,"1":2,"2":2,"3":50},"f":{"0":2,"1":50},"b":{},"_coverageSchema":"1a1c01bbd47fc00a2c39e90264f33305004495a9","hash":"94af4cf85d99606acd1f4cae25d5c732a3e65be0"}
,"/Users/sozdursun/WebStorm/resume/src/components/StyledComponents.tsx": {"path":"/Users/sozdursun/WebStorm/resume/src/components/StyledComponents.tsx","statementMap":{"0":{"start":{"line":8,"column":18},"end":{"line":16,"column":1}},"1":{"start":{"line":18,"column":19},"end":{"line":36,"column":1}},"2":{"start":{"line":38,"column":20},"end":{"line":47,"column":1}},"3":{"start":{"line":49,"column":15},"end":{"line":70,"column":1}},"4":{"start":{"line":54,"column":31},"end":{"line":54,"column":59}},"5":{"start":{"line":72,"column":13},"end":{"line":79,"column":1}},"6":{"start":{"line":81,"column":14},"end":{"line":88,"column":1}},"7":{"start":{"line":90,"column":25},"end":{"line":102,"column":1}},"8":{"start":{"line":104,"column":28},"end":{"line":130,"column":1}},"9":{"start":{"line":111,"column":31},"end":{"line":111,"column":59}},"10":{"start":{"line":132,"column":21},"end":{"line":156,"column":1}},"11":{"start":{"line":140,"column":31},"end":{"line":140,"column":59}},"12":{"start":{"line":158,"column":20},"end":{"line":160,"column":1}},"13":{"start":{"line":162,"column":17},"end":{"line":172,"column":1}},"14":{"start":{"line":174,"column":25},"end":{"line":185,"column":1}},"15":{"start":{"line":187,"column":17},"end":{"line":189,"column":1}},"16":{"start":{"line":191,"column":13},"end":{"line":199,"column":1}},"17":{"start":{"line":201,"column":24},"end":{"line":204,"column":1}},"18":{"start":{"line":206,"column":14},"end":{"line":214,"column":1}},"19":{"start":{"line":216,"column":18},"end":{"line":224,"column":1}},"20":{"start":{"line":226,"column":19},"end":{"line":236,"column":1}},"21":{"start":{"line":238,"column":23},"end":{"line":247,"column":1}},"22":{"start":{"line":240,"column":27},"end":{"line":240,"column":39}},"23":{"start":{"line":249,"column":20},"end":{"line":257,"column":1}},"24":{"start":{"line":259,"column":28},"end":{"line":262,"column":1}},"25":{"start":{"line":264,"column":23},"end":{"line":266,"column":1}},"26":{"start":{"line":268,"column":27},"end":{"line":286,"column":1}},"27":{"start":{"line":288,"column":25},"end":{"line":293,"column":1}},"28":{"start":{"line":295,"column":24},"end":{"line":310,"column":1}},"29":{"start":{"line":299,"column":20},"end":{"line":299,"column":43}},"30":{"start":{"line":312,"column":26},"end":{"line":327,"column":1}},"31":{"start":{"line":329,"column":28},"end":{"line":339,"column":1}},"32":{"start":{"line":341,"column":26},"end":{"line":351,"column":1}},"33":{"start":{"line":345,"column":20},"end":{"line":345,"column":43}},"34":{"start":{"line":353,"column":20},"end":{"line":360,"column":1}},"35":{"start":{"line":354,"column":20},"end":{"line":354,"column":43}},"36":{"start":{"line":362,"column":30},"end":{"line":368,"column":1}},"37":{"start":{"line":370,"column":25},"end":{"line":376,"column":1}},"38":{"start":{"line":378,"column":24},"end":{"line":381,"column":1}},"39":{"start":{"line":383,"column":24},"end":{"line":391,"column":1}},"40":{"start":{"line":393,"column":32},"end":{"line":402,"column":1}},"41":{"start":{"line":404,"column":19},"end":{"line":420,"column":1}},"42":{"start":{"line":405,"column":20},"end":{"line":405,"column":43}},"43":{"start":{"line":422,"column":24},"end":{"line":435,"column":1}},"44":{"start":{"line":422,"column":68},"end":{"line":424,"column":1}},"45":{"start":{"line":428,"column":21},"end":{"line":428,"column":56}},"46":{"start":{"line":437,"column":24},"end":{"line":439,"column":1}},"47":{"start":{"line":441,"column":21},"end":{"line":450,"column":1}},"48":{"start":{"line":452,"column":25},"end":{"line":466,"column":1}},"49":{"start":{"line":458,"column":34},"end":{"line":458,"column":60}},"50":{"start":{"line":472,"column":14},"end":{"line":488,"column":1}},"51":{"start":{"line":476,"column":22},"end":{"line":476,"column":73}},"52":{"start":{"line":490,"column":18},"end":{"line":494,"column":1}},"53":{"start":{"line":492,"column":22},"end":{"line":492,"column":74}},"54":{"start":{"line":493,"column":28},"end":{"line":493,"column":60}},"55":{"start":{"line":496,"column":19},"end":{"line":499,"column":1}},"56":{"start":{"line":498,"column":21},"end":{"line":498,"column":68}},"57":{"start":{"line":506,"column":17},"end":{"line":524,"column":1}},"58":{"start":{"line":509,"column":32},"end":{"line":509,"column":63}},"59":{"start":{"line":530,"column":23},"end":{"line":533,"column":1}},"60":{"start":{"line":535,"column":18},"end":{"line":539,"column":1}},"61":{"start":{"line":541,"column":19},"end":{"line":559,"column":1}},"62":{"start":{"line":561,"column":26},"end":{"line":572,"column":1}},"63":{"start":{"line":574,"column":24},"end":{"line":587,"column":1}},"64":{"start":{"line":589,"column":17},"end":{"line":605,"column":1}},"65":{"start":{"line":590,"column":20},"end":{"line":590,"column":43}},"66":{"start":{"line":607,"column":20},"end":{"line":624,"column":1}},"67":{"start":{"line":626,"column":31},"end":{"line":636,"column":1}}},"fnMap":{"0":{"name":"(anonymous_0)","decl":{"start":{"line":54,"column":22},"end":{"line":54,"column":23}},"loc":{"start":{"line":54,"column":31},"end":{"line":54,"column":59}},"line":54},"1":{"name":"(anonymous_1)","decl":{"start":{"line":111,"column":22},"end":{"line":111,"column":23}},"loc":{"start":{"line":111,"column":31},"end":{"line":111,"column":59}},"line":111},"2":{"name":"(anonymous_2)","decl":{"start":{"line":140,"column":22},"end":{"line":140,"column":23}},"loc":{"start":{"line":140,"column":31},"end":{"line":140,"column":59}},"line":140},"3":{"name":"(anonymous_3)","decl":{"start":{"line":240,"column":11},"end":{"line":240,"column":12}},"loc":{"start":{"line":240,"column":27},"end":{"line":240,"column":39}},"line":240},"4":{"name":"(anonymous_4)","decl":{"start":{"line":299,"column":11},"end":{"line":299,"column":12}},"loc":{"start":{"line":299,"column":20},"end":{"line":299,"column":43}},"line":299},"5":{"name":"(anonymous_5)","decl":{"start":{"line":345,"column":11},"end":{"line":345,"column":12}},"loc":{"start":{"line":345,"column":20},"end":{"line":345,"column":43}},"line":345},"6":{"name":"(anonymous_6)","decl":{"start":{"line":354,"column":11},"end":{"line":354,"column":12}},"loc":{"start":{"line":354,"column":20},"end":{"line":354,"column":43}},"line":354},"7":{"name":"(anonymous_7)","decl":{"start":{"line":405,"column":11},"end":{"line":405,"column":12}},"loc":{"start":{"line":405,"column":20},"end":{"line":405,"column":43}},"line":405},"8":{"name":"(anonymous_8)","decl":{"start":{"line":422,"column":61},"end":{"line":422,"column":62}},"loc":{"start":{"line":422,"column":68},"end":{"line":424,"column":1}},"line":422},"9":{"name":"(anonymous_9)","decl":{"start":{"line":428,"column":11},"end":{"line":428,"column":12}},"loc":{"start":{"line":428,"column":21},"end":{"line":428,"column":56}},"line":428},"10":{"name":"(anonymous_10)","decl":{"start":{"line":458,"column":25},"end":{"line":458,"column":26}},"loc":{"start":{"line":458,"column":34},"end":{"line":458,"column":60}},"line":458},"11":{"name":"(anonymous_11)","decl":{"start":{"line":476,"column":12},"end":{"line":476,"column":13}},"loc":{"start":{"line":476,"column":22},"end":{"line":476,"column":73}},"line":476},"12":{"name":"(anonymous_12)","decl":{"start":{"line":492,"column":12},"end":{"line":492,"column":13}},"loc":{"start":{"line":492,"column":22},"end":{"line":492,"column":74}},"line":492},"13":{"name":"(anonymous_13)","decl":{"start":{"line":493,"column":18},"end":{"line":493,"column":19}},"loc":{"start":{"line":493,"column":28},"end":{"line":493,"column":60}},"line":493},"14":{"name":"(anonymous_14)","decl":{"start":{"line":498,"column":12},"end":{"line":498,"column":13}},"loc":{"start":{"line":498,"column":21},"end":{"line":498,"column":68}},"line":498},"15":{"name":"(anonymous_15)","decl":{"start":{"line":509,"column":22},"end":{"line":509,"column":23}},"loc":{"start":{"line":509,"column":32},"end":{"line":509,"column":63}},"line":509},"16":{"name":"(anonymous_16)","decl":{"start":{"line":590,"column":11},"end":{"line":590,"column":12}},"loc":{"start":{"line":590,"column":20},"end":{"line":590,"column":43}},"line":590}},"branchMap":{"0":{"loc":{"start":{"line":428,"column":21},"end":{"line":428,"column":56}},"type":"cond-expr","locations":[{"start":{"line":428,"column":37},"end":{"line":428,"column":44}},{"start":{"line":428,"column":47},"end":{"line":428,"column":56}}],"line":428},"1":{"loc":{"start":{"line":476,"column":22},"end":{"line":476,"column":73}},"type":"cond-expr","locations":[{"start":{"line":476,"column":39},"end":{"line":476,"column":54}},{"start":{"line":476,"column":57},"end":{"line":476,"column":73}}],"line":476},"2":{"loc":{"start":{"line":492,"column":22},"end":{"line":492,"column":74}},"type":"cond-expr","locations":[{"start":{"line":492,"column":39},"end":{"line":492,"column":54}},{"start":{"line":492,"column":57},"end":{"line":492,"column":74}}],"line":492},"3":{"loc":{"start":{"line":493,"column":28},"end":{"line":493,"column":60}},"type":"cond-expr","locations":[{"start":{"line":493,"column":45},"end":{"line":493,"column":50}},{"start":{"line":493,"column":53},"end":{"line":493,"column":60}}],"line":493},"4":{"loc":{"start":{"line":498,"column":34},"end":{"line":498,"column":66}},"type":"cond-expr","locations":[{"start":{"line":498,"column":51},"end":{"line":498,"column":56}},{"start":{"line":498,"column":59},"end":{"line":498,"column":66}}],"line":498},"5":{"loc":{"start":{"line":509,"column":32},"end":{"line":509,"column":63}},"type":"cond-expr","locations":[{"start":{"line":509,"column":49},"end":{"line":509,"column":54}},{"start":{"line":509,"column":57},"end":{"line":509,"column":63}}],"line":509}},"s":{"0":4,"1":4,"2":4,"3":4,"4":0,"5":4,"6":4,"7":4,"8":4,"9":0,"10":4,"11":1,"12":4,"13":4,"14":4,"15":4,"16":4,"17":4,"18":4,"19":4,"20":4,"21":4,"22":51,"23":4,"24":4,"25":4,"26":4,"27":4,"28":4,"29":0,"30":4,"31":4,"32":4,"33":0,"34":4,"35":0,"36":4,"37":4,"38":4,"39":4,"40":4,"41":4,"42":0,"43":4,"44":30,"45":30,"46":4,"47":4,"48":4,"49":18,"50":4,"51":36,"52":4,"53":18,"54":18,"55":4,"56":18,"57":4,"58":18,"59":4,"60":4,"61":4,"62":4,"63":4,"64":4,"65":10,"66":4,"67":4},"f":{"0":0,"1":0,"2":1,"3":51,"4":0,"5":0,"6":0,"7":0,"8":30,"9":30,"10":18,"11":36,"12":18,"13":18,"14":18,"15":18,"16":10},"b":{"0":[0,30],"1":[2,34],"2":[1,17],"3":[1,17],"4":[1,17],"5":[1,17]},"_coverageSchema":"1a1c01bbd47fc00a2c39e90264f33305004495a9","hash":"a061aecf64bfe77854c98b951d00fdc488081a7b"}
,"/Users/sozdursun/WebStorm/resume/src/components/theme.tsx": {"path":"/Users/sozdursun/WebStorm/resume/src/components/theme.tsx","statementMap":{"0":{"start":{"line":2,"column":21},"end":{"line":18,"column":1}}},"fnMap":{},"branchMap":{},"s":{"0":3},"f":{},"b":{},"_coverageSchema":"1a1c01bbd47fc00a2c39e90264f33305004495a9","hash":"74cedbfba7dbc473eaaba9fe9f7138dba003ad65"}
,"/Users/sozdursun/WebStorm/resume/src/pages/practice.tsx": {"path":"/Users/sozdursun/WebStorm/resume/src/pages/practice.tsx","statementMap":{"0":{"start":{"line":24,"column":27},"end":{"line":439,"column":1}},"1":{"start":{"line":25,"column":27},"end":{"line":25,"column":56}},"2":{"start":{"line":26,"column":28},"end":{"line":26,"column":40}},"3":{"start":{"line":27,"column":34},"end":{"line":27,"column":46}},"4":{"start":{"line":28,"column":38},"end":{"line":31,"column":4}},"5":{"start":{"line":32,"column":38},"end":{"line":32,"column":50}},"6":{"start":{"line":33,"column":42},"end":{"line":33,"column":69}},"7":{"start":{"line":34,"column":44},"end":{"line":34,"column":56}},"8":{"start":{"line":35,"column":23},"end":{"line":35,"column":60}},"9":{"start":{"line":36,"column":42},"end":{"line":36,"column":57}},"10":{"start":{"line":37,"column":42},"end":{"line":39,"column":3}},"11":{"start":{"line":40,"column":48},"end":{"line":40,"column":60}},"12":{"start":{"line":41,"column":21},"end":{"line":44,"column":3}},"13":{"start":{"line":42,"column":19},"end":{"line":42,"column":70}},"14":{"start":{"line":43,"column":4},"end":{"line":43,"column":25}},"15":{"start":{"line":46,"column":24},"end":{"line":53,"column":3}},"16":{"start":{"line":47,"column":19},"end":{"line":51,"column":5}},"17":{"start":{"line":52,"column":4},"end":{"line":52,"column":25}},"18":{"start":{"line":55,"column":31},"end":{"line":58,"column":3}},"19":{"start":{"line":56,"column":28},"end":{"line":56,"column":40}},"20":{"start":{"line":57,"column":4},"end":{"line":57,"column":56}},"21":{"start":{"line":57,"column":27},"end":{"line":57,"column":53}},"22":{"start":{"line":60,"column":22},"end":{"line":67,"column":3}},"23":{"start":{"line":61,"column":20},"end":{"line":61,"column":46}},"24":{"start":{"line":62,"column":4},"end":{"line":66,"column":5}},"25":{"start":{"line":63,"column":6},"end":{"line":63,"column":29}},"26":{"start":{"line":65,"column":6},"end":{"line":65,"column":29}},"27":{"start":{"line":69,"column":27},"end":{"line":72,"column":3}},"28":{"start":{"line":70,"column":17},"end":{"line":70,"column":66}},"29":{"start":{"line":71,"column":4},"end":{"line":71,"column":26}},"30":{"start":{"line":74,"column":27},"end":{"line":96,"column":3}},"31":{"start":{"line":75,"column":4},"end":{"line":78,"column":5}},"32":{"start":{"line":76,"column":6},"end":{"line":76,"column":47}},"33":{"start":{"line":77,"column":6},"end":{"line":77,"column":13}},"34":{"start":{"line":80,"column":21},"end":{"line":80,"column":35}},"35":{"start":{"line":81,"column":4},"end":{"line":81,"column":42}},"36":{"start":{"line":84,"column":4},"end":{"line":93,"column":9}},"37":{"start":{"line":86,"column":8},"end":{"line":86,"column":79}},"38":{"start":{"line":87,"column":8},"end":{"line":87,"column":39}},"39":{"start":{"line":88,"column":8},"end":{"line":88,"column":25}},"40":{"start":{"line":91,"column":8},"end":{"line":91,"column":37}},"41":{"start":{"line":92,"column":8},"end":{"line":92,"column":29}},"42":{"start":{"line":95,"column":4},"end":{"line":95,"column":26}},"43":{"start":{"line":99,"column":21},"end":{"line":111,"column":3}},"44":{"start":{"line":100,"column":4},"end":{"line":110,"column":7}},"45":{"start":{"line":101,"column":6},"end":{"line":109,"column":15}},"46":{"start":{"line":102,"column":33},"end":{"line":102,"column":37}},"47":{"start":{"line":104,"column":8},"end":{"line":108,"column":9}},"48":{"start":{"line":105,"column":10},"end":{"line":105,"column":20}},"49":{"start":{"line":107,"column":10},"end":{"line":107,"column":46}},"50":{"start":{"line":114,"column":39},"end":{"line":118,"column":3}},"51":{"start":{"line":115,"column":4},"end":{"line":117,"column":13}},"52":{"start":{"line":116,"column":6},"end":{"line":116,"column":27}},"53":{"start":{"line":121,"column":25},"end":{"line":125,"column":3}},"54":{"start":{"line":122,"column":4},"end":{"line":124,"column":5}},"55":{"start":{"line":123,"column":6},"end":{"line":123,"column":38}},"56":{"start":{"line":127,"column":22},"end":{"line":141,"column":3}},"57":{"start":{"line":129,"column":25},"end":{"line":129,"column":53}},"58":{"start":{"line":130,"column":4},"end":{"line":133,"column":5}},"59":{"start":{"line":131,"column":6},"end":{"line":131,"column":51}},"60":{"start":{"line":132,"column":6},"end":{"line":132,"column":13}},"61":{"start":{"line":136,"column":4},"end":{"line":140,"column":5}},"62":{"start":{"line":137,"column":6},"end":{"line":137,"column":33}},"63":{"start":{"line":139,"column":6},"end":{"line":139,"column":47}},"64":{"start":{"line":143,"column":30},"end":{"line":155,"column":3}},"65":{"start":{"line":147,"column":4},"end":{"line":149,"column":5}},"66":{"start":{"line":148,"column":6},"end":{"line":148,"column":13}},"67":{"start":{"line":152,"column":4},"end":{"line":154,"column":5}},"68":{"start":{"line":153,"column":6},"end":{"line":153,"column":29}},"69":{"start":{"line":157,"column":25},"end":{"line":161,"column":3}},"70":{"start":{"line":158,"column":4},"end":{"line":158,"column":26}},"71":{"start":{"line":159,"column":4},"end":{"line":159,"column":32}},"72":{"start":{"line":160,"column":4},"end":{"line":160,"column":26}},"73":{"start":{"line":163,"column":2},"end":{"line":438,"column":4}},"74":{"start":{"line":234,"column":35},"end":{"line":234,"column":64}},"75":{"start":{"line":349,"column":33},"end":{"line":349,"column":57}},"76":{"start":{"line":360,"column":33},"end":{"line":360,"column":60}},"77":{"start":{"line":404,"column":33},"end":{"line":404,"column":67}},"78":{"start":{"line":409,"column":31},"end":{"line":409,"column":73}},"79":{"start":{"line":415,"column":31},"end":{"line":415,"column":71}}},"fnMap":{"0":{"name":"(anonymous_0)","decl":{"start":{"line":24,"column":27},"end":{"line":24,"column":28}},"loc":{"start":{"line":24,"column":33},"end":{"line":439,"column":1}},"line":24},"1":{"name":"(anonymous_1)","decl":{"start":{"line":41,"column":21},"end":{"line":41,"column":22}},"loc":{"start":{"line":41,"column":27},"end":{"line":44,"column":3}},"line":41},"2":{"name":"(anonymous_2)","decl":{"start":{"line":46,"column":24},"end":{"line":46,"column":25}},"loc":{"start":{"line":46,"column":30},"end":{"line":53,"column":3}},"line":46},"3":{"name":"(anonymous_3)","decl":{"start":{"line":55,"column":31},"end":{"line":55,"column":32}},"loc":{"start":{"line":55,"column":79},"end":{"line":58,"column":3}},"line":55},"4":{"name":"(anonymous_4)","decl":{"start":{"line":57,"column":18},"end":{"line":57,"column":19}},"loc":{"start":{"line":57,"column":27},"end":{"line":57,"column":53}},"line":57},"5":{"name":"(anonymous_5)","decl":{"start":{"line":60,"column":22},"end":{"line":60,"column":23}},"loc":{"start":{"line":60,"column":28},"end":{"line":67,"column":3}},"line":60},"6":{"name":"(anonymous_6)","decl":{"start":{"line":69,"column":27},"end":{"line":69,"column":28}},"loc":{"start":{"line":69,"column":75},"end":{"line":72,"column":3}},"line":69},"7":{"name":"(anonymous_7)","decl":{"start":{"line":74,"column":27},"end":{"line":74,"column":28}},"loc":{"start":{"line":74,"column":33},"end":{"line":96,"column":3}},"line":74},"8":{"name":"(anonymous_8)","decl":{"start":{"line":85,"column":12},"end":{"line":85,"column":13}},"loc":{"start":{"line":85,"column":18},"end":{"line":89,"column":7}},"line":85},"9":{"name":"(anonymous_9)","decl":{"start":{"line":90,"column":13},"end":{"line":90,"column":14}},"loc":{"start":{"line":90,"column":22},"end":{"line":93,"column":7}},"line":90},"10":{"name":"(anonymous_10)","decl":{"start":{"line":99,"column":21},"end":{"line":99,"column":22}},"loc":{"start":{"line":99,"column":27},"end":{"line":111,"column":3}},"line":99},"11":{"name":"(anonymous_11)","decl":{"start":{"line":100,"column":29},"end":{"line":100,"column":30}},"loc":{"start":{"line":100,"column":50},"end":{"line":110,"column":5}},"line":100},"12":{"name":"(anonymous_12)","decl":{"start":{"line":101,"column":17},"end":{"line":101,"column":18}},"loc":{"start":{"line":101,"column":23},"end":{"line":109,"column":7}},"line":101},"13":{"name":"(anonymous_13)","decl":{"start":{"line":114,"column":39},"end":{"line":114,"column":40}},"loc":{"start":{"line":114,"column":45},"end":{"line":118,"column":3}},"line":114},"14":{"name":"(anonymous_14)","decl":{"start":{"line":115,"column":15},"end":{"line":115,"column":16}},"loc":{"start":{"line":115,"column":21},"end":{"line":117,"column":5}},"line":115},"15":{"name":"(anonymous_15)","decl":{"start":{"line":121,"column":25},"end":{"line":121,"column":26}},"loc":{"start":{"line":121,"column":31},"end":{"line":125,"column":3}},"line":121},"16":{"name":"(anonymous_16)","decl":{"start":{"line":127,"column":22},"end":{"line":127,"column":23}},"loc":{"start":{"line":127,"column":28},"end":{"line":141,"column":3}},"line":127},"17":{"name":"(anonymous_17)","decl":{"start":{"line":143,"column":30},"end":{"line":143,"column":31}},"loc":{"start":{"line":146,"column":7},"end":{"line":155,"column":3}},"line":146},"18":{"name":"(anonymous_18)","decl":{"start":{"line":157,"column":25},"end":{"line":157,"column":26}},"loc":{"start":{"line":157,"column":73},"end":{"line":161,"column":3}},"line":157},"19":{"name":"(anonymous_19)","decl":{"start":{"line":234,"column":30},"end":{"line":234,"column":31}},"loc":{"start":{"line":234,"column":35},"end":{"line":234,"column":64}},"line":234},"20":{"name":"(anonymous_20)","decl":{"start":{"line":349,"column":28},"end":{"line":349,"column":29}},"loc":{"start":{"line":349,"column":33},"end":{"line":349,"column":57}},"line":349},"21":{"name":"(anonymous_21)","decl":{"start":{"line":360,"column":28},"end":{"line":360,"column":29}},"loc":{"start":{"line":360,"column":33},"end":{"line":360,"column":60}},"line":360},"22":{"name":"(anonymous_22)","decl":{"start":{"line":404,"column":28},"end":{"line":404,"column":29}},"loc":{"start":{"line":404,"column":33},"end":{"line":404,"column":67}},"line":404},"23":{"name":"(anonymous_23)","decl":{"start":{"line":409,"column":25},"end":{"line":409,"column":26}},"loc":{"start":{"line":409,"column":31},"end":{"line":409,"column":73}},"line":409},"24":{"name":"(anonymous_24)","decl":{"start":{"line":415,"column":25},"end":{"line":415,"column":26}},"loc":{"start":{"line":415,"column":31},"end":{"line":415,"column":71}},"line":415}},"branchMap":{"0":{"loc":{"start":{"line":62,"column":4},"end":{"line":66,"column":5}},"type":"if","locations":[{"start":{"line":62,"column":4},"end":{"line":66,"column":5}},{"start":{"line":64,"column":11},"end":{"line":66,"column":5}}],"line":62},"1":{"loc":{"start":{"line":70,"column":17},"end":{"line":70,"column":66}},"type":"cond-expr","locations":[{"start":{"line":70,"column":38},"end":{"line":70,"column":59}},{"start":{"line":70,"column":62},"end":{"line":70,"column":66}}],"line":70},"2":{"loc":{"start":{"line":75,"column":4},"end":{"line":78,"column":5}},"type":"if","locations":[{"start":{"line":75,"column":4},"end":{"line":78,"column":5}},{"start":{},"end":{}}],"line":75},"3":{"loc":{"start":{"line":104,"column":8},"end":{"line":108,"column":9}},"type":"if","locations":[{"start":{"line":104,"column":8},"end":{"line":108,"column":9}},{"start":{"line":106,"column":15},"end":{"line":108,"column":9}}],"line":104},"4":{"loc":{"start":{"line":122,"column":4},"end":{"line":124,"column":5}},"type":"if","locations":[{"start":{"line":122,"column":4},"end":{"line":124,"column":5}},{"start":{},"end":{}}],"line":122},"5":{"loc":{"start":{"line":130,"column":4},"end":{"line":133,"column":5}},"type":"if","locations":[{"start":{"line":130,"column":4},"end":{"line":133,"column":5}},{"start":{},"end":{}}],"line":130},"6":{"loc":{"start":{"line":136,"column":4},"end":{"line":140,"column":5}},"type":"if","locations":[{"start":{"line":136,"column":4},"end":{"line":140,"column":5}},{"start":{"line":138,"column":11},"end":{"line":140,"column":5}}],"line":136},"7":{"loc":{"start":{"line":147,"column":4},"end":{"line":149,"column":5}},"type":"if","locations":[{"start":{"line":147,"column":4},"end":{"line":149,"column":5}},{"start":{},"end":{}}],"line":147},"8":{"loc":{"start":{"line":152,"column":4},"end":{"line":154,"column":5}},"type":"if","locations":[{"start":{"line":152,"column":4},"end":{"line":154,"column":5}},{"start":{},"end":{}}],"line":152},"9":{"loc":{"start":{"line":152,"column":8},"end":{"line":152,"column":39}},"type":"binary-expr","locations":[{"start":{"line":152,"column":8},"end":{"line":152,"column":13}},{"start":{"line":152,"column":17},"end":{"line":152,"column":39}}],"line":152},"10":{"loc":{"start":{"line":385,"column":17},"end":{"line":392,"column":17}},"type":"binary-expr","locations":[{"start":{"line":385,"column":17},"end":{"line":385,"column":30}},{"start":{"line":386,"column":18},"end":{"line":391,"column":24}}],"line":385}},"s":{"0":1,"1":14,"2":14,"3":14,"4":14,"5":14,"6":14,"7":14,"8":14,"9":14,"10":14,"11":14,"12":14,"13":0,"14":0,"15":14,"16":0,"17":0,"18":14,"19":3,"20":3,"21":3,"22":14,"23":1,"24":1,"25":1,"26":0,"27":14,"28":1,"29":1,"30":14,"31":1,"32":0,"33":0,"34":1,"35":1,"36":1,"37":1,"38":1,"39":1,"40":0,"41":0,"42":1,"43":14,"44":1,"45":1,"46":1,"47":1,"48":1,"49":0,"50":14,"51":1,"52":0,"53":14,"54":1,"55":1,"56":14,"57":0,"58":0,"59":0,"60":0,"61":0,"62":0,"63":0,"64":14,"65":0,"66":0,"67":0,"68":0,"69":14,"70":1,"71":1,"72":1,"73":14,"74":1,"75":0,"76":0,"77":1,"78":1,"79":0},"f":{"0":14,"1":0,"2":0,"3":3,"4":3,"5":1,"6":1,"7":1,"8":1,"9":0,"10":1,"11":1,"12":1,"13":1,"14":0,"15":1,"16":0,"17":0,"18":1,"19":1,"20":0,"21":0,"22":1,"23":1,"24":0},"b":{"0":[1,0],"1":[1,0],"2":[0,1],"3":[1,0],"4":[1,0],"5":[0,0],"6":[0,0],"7":[0,0],"8":[0,0],"9":[0,0],"10":[14,1]},"_coverageSchema":"1a1c01bbd47fc00a2c39e90264f33305004495a9","hash":"e7355ada4e5da6be4539537a39ace126ca5a8dc4"}
,"/Users/sozdursun/WebStorm/resume/src/utils/env.ts": {"path":"/Users/sozdursun/WebStorm/resume/src/utils/env.ts","statementMap":{"0":{"start":{"line":1,"column":19},"end":{"line":7,"column":10}},"1":{"start":{"line":10,"column":27},"end":{"line":23,"column":1}},"2":{"start":{"line":11,"column":19},"end":{"line":16,"column":12}},"3":{"start":{"line":18,"column":2},"end":{"line":22,"column":3}},"4":{"start":{"line":19,"column":4},"end":{"line":21,"column":5}},"5":{"start":{"line":20,"column":6},"end":{"line":20,"column":71}}},"fnMap":{"0":{"name":"(anonymous_0)","decl":{"start":{"line":10,"column":27},"end":{"line":10,"column":28}},"loc":{"start":{"line":10,"column":33},"end":{"line":23,"column":1}},"line":10}},"branchMap":{"0":{"loc":{"start":{"line":6,"column":12},"end":{"line":6,"column":76}},"type":"binary-expr","locations":[{"start":{"line":6,"column":12},"end":{"line":6,"column":44}},{"start":{"line":6,"column":48},"end":{"line":6,"column":76}}],"line":6},"1":{"loc":{"start":{"line":19,"column":4},"end":{"line":21,"column":5}},"type":"if","locations":[{"start":{"line":19,"column":4},"end":{"line":21,"column":5}},{"start":{},"end":{}}],"line":19}},"s":{"0":12,"1":12,"2":7,"3":7,"4":17,"5":6},"f":{"0":7},"b":{"0":[12,10],"1":[6,11]},"_coverageSchema":"1a1c01bbd47fc00a2c39e90264f33305004495a9","hash":"ae89d735a8ffadb0fe0eecd28049ca84428ce24c"}
}
