TN:
SF:src/components/CertificatesComponents.tsx
FN:13,(anonymous_0)
FN:16,(anonymous_1)
FN:17,(anonymous_2)
FN:64,(anonymous_3)
FN:70,(anonymous_4)
FNF:5
FNH:5
FNDA:6,(anonymous_0)
FNDA:3,(anonymous_1)
FNDA:3,(anonymous_2)
FNDA:36,(anonymous_3)
FNDA:3,(anonymous_4)
DA:13,1
DA:14,6
DA:16,6
DA:17,3
DA:18,3
DA:19,2
DA:21,1
DA:25,6
DA:58,6
DA:65,36
DA:70,3
LF:11
LH:11
BRDA:18,0,0,2
BRDA:18,0,1,1
BRF:2
BRH:2
end_of_record
TN:
SF:src/components/ContactForm.tsx
FN:38,(anonymous_0)
FN:61,(anonymous_1)
FN:67,(anonymous_2)
FN:86,(anonymous_3)
FN:90,(anonymous_4)
FN:94,(anonymous_5)
FN:98,(anonymous_6)
FNF:7
FNH:5
FNDA:29,(anonymous_0)
FNDA:17,(anonymous_1)
FNDA:9,(anonymous_2)
FNDA:0,(anonymous_3)
FNDA:7,(anonymous_4)
FNDA:0,(anonymous_5)
FNDA:2,(anonymous_6)
DA:38,1
DA:39,29
DA:45,28
DA:46,28
DA:47,28
DA:48,28
DA:49,28
DA:52,28
DA:58,28
DA:59,28
DA:61,28
DA:62,17
DA:63,7
DA:67,28
DA:70,9
DA:71,9
DA:72,9
DA:74,9
DA:75,3
DA:77,6
DA:80,9
DA:86,28
DA:87,0
DA:90,28
DA:91,7
DA:94,28
DA:95,0
DA:98,28
DA:99,2
DA:101,2
DA:102,2
DA:104,2
DA:111,2
DA:112,2
DA:113,2
DA:114,2
DA:116,2
DA:120,0
DA:123,0
DA:124,0
DA:125,0
DA:126,0
DA:128,2
DA:131,2
DA:138,28
DA:146,28
LF:46
LH:39
BRDA:62,0,0,7
BRDA:62,0,1,10
BRDA:62,1,0,17
BRDA:62,1,1,7
BRDA:74,2,0,3
BRDA:74,2,1,6
BRDA:116,3,0,0
BRDA:116,3,1,2
BRDA:117,4,0,2
BRDA:117,4,1,2
BRDA:149,5,0,28
BRDA:149,5,1,10
BRDA:167,6,0,28
BRDA:167,6,1,18
BRDA:187,7,0,18
BRDA:187,7,1,17
BRDA:189,8,0,18
BRDA:189,8,1,1
BRDA:203,9,0,18
BRDA:203,9,1,17
BRDA:205,10,0,18
BRDA:205,10,1,1
BRDA:220,11,0,18
BRDA:220,11,1,1
BRDA:230,12,0,2
BRDA:230,12,1,16
BRF:26
BRH:25
end_of_record
TN:
SF:src/components/PracticePageStyl.tsx
FNF:0
FNH:0
DA:3,1
DA:9,1
DA:17,1
DA:24,1
DA:28,1
DA:34,1
DA:39,1
DA:45,1
DA:50,1
DA:55,1
DA:62,1
DA:70,1
DA:86,1
DA:93,1
LF:14
LH:14
BRF:0
BRH:0
end_of_record
TN:
SF:src/components/SkillsComponents.tsx
FN:12,(anonymous_0)
FN:44,(anonymous_1)
FNF:2
FNH:2
FNDA:2,(anonymous_0)
FNDA:50,(anonymous_1)
DA:12,1
DA:13,2
DA:41,2
DA:45,50
LF:4
LH:4
BRF:0
BRH:0
end_of_record
TN:
SF:src/components/StyledComponents.tsx
FN:54,(anonymous_0)
FN:111,(anonymous_1)
FN:140,(anonymous_2)
FN:240,(anonymous_3)
FN:299,(anonymous_4)
FN:345,(anonymous_5)
FN:354,(anonymous_6)
FN:405,(anonymous_7)
FN:422,(anonymous_8)
FN:428,(anonymous_9)
FN:458,(anonymous_10)
FN:476,(anonymous_11)
FN:492,(anonymous_12)
FN:493,(anonymous_13)
FN:498,(anonymous_14)
FN:509,(anonymous_15)
FN:590,(anonymous_16)
FNF:17
FNH:11
FNDA:0,(anonymous_0)
FNDA:0,(anonymous_1)
FNDA:1,(anonymous_2)
FNDA:51,(anonymous_3)
FNDA:0,(anonymous_4)
FNDA:0,(anonymous_5)
FNDA:0,(anonymous_6)
FNDA:0,(anonymous_7)
FNDA:30,(anonymous_8)
FNDA:30,(anonymous_9)
FNDA:18,(anonymous_10)
FNDA:36,(anonymous_11)
FNDA:18,(anonymous_12)
FNDA:18,(anonymous_13)
FNDA:18,(anonymous_14)
FNDA:18,(anonymous_15)
FNDA:10,(anonymous_16)
DA:8,4
DA:18,4
DA:38,4
DA:49,4
DA:54,0
DA:72,4
DA:81,4
DA:90,4
DA:104,4
DA:111,0
DA:132,4
DA:140,1
DA:158,4
DA:162,4
DA:174,4
DA:187,4
DA:191,4
DA:201,4
DA:206,4
DA:216,4
DA:226,4
DA:238,4
DA:240,51
DA:249,4
DA:259,4
DA:264,4
DA:268,4
DA:288,4
DA:295,4
DA:299,0
DA:312,4
DA:329,4
DA:341,4
DA:345,0
DA:353,4
DA:354,0
DA:362,4
DA:370,4
DA:378,4
DA:383,4
DA:393,4
DA:404,4
DA:405,0
DA:422,30
DA:428,30
DA:437,4
DA:441,4
DA:452,4
DA:458,18
DA:472,4
DA:476,36
DA:490,4
DA:492,18
DA:493,18
DA:496,4
DA:498,18
DA:506,4
DA:509,18
DA:530,4
DA:535,4
DA:541,4
DA:561,4
DA:574,4
DA:589,4
DA:590,10
DA:607,4
DA:626,4
LF:67
LH:61
BRDA:428,0,0,0
BRDA:428,0,1,30
BRDA:476,1,0,2
BRDA:476,1,1,34
BRDA:492,2,0,1
BRDA:492,2,1,17
BRDA:493,3,0,1
BRDA:493,3,1,17
BRDA:498,4,0,1
BRDA:498,4,1,17
BRDA:509,5,0,1
BRDA:509,5,1,17
BRF:12
BRH:11
end_of_record
TN:
SF:src/components/theme.tsx
FNF:0
FNH:0
DA:2,3
LF:1
LH:1
BRF:0
BRH:0
end_of_record
TN:
SF:src/pages/practice.tsx
FN:24,(anonymous_0)
FN:41,(anonymous_1)
FN:46,(anonymous_2)
FN:55,(anonymous_3)
FN:57,(anonymous_4)
FN:60,(anonymous_5)
FN:69,(anonymous_6)
FN:74,(anonymous_7)
FN:85,(anonymous_8)
FN:90,(anonymous_9)
FN:99,(anonymous_10)
FN:100,(anonymous_11)
FN:101,(anonymous_12)
FN:114,(anonymous_13)
FN:115,(anonymous_14)
FN:121,(anonymous_15)
FN:127,(anonymous_16)
FN:143,(anonymous_17)
FN:157,(anonymous_18)
FN:234,(anonymous_19)
FN:349,(anonymous_20)
FN:360,(anonymous_21)
FN:404,(anonymous_22)
FN:409,(anonymous_23)
FN:415,(anonymous_24)
FNF:25
FNH:16
FNDA:14,(anonymous_0)
FNDA:0,(anonymous_1)
FNDA:0,(anonymous_2)
FNDA:3,(anonymous_3)
FNDA:3,(anonymous_4)
FNDA:1,(anonymous_5)
FNDA:1,(anonymous_6)
FNDA:1,(anonymous_7)
FNDA:1,(anonymous_8)
FNDA:0,(anonymous_9)
FNDA:1,(anonymous_10)
FNDA:1,(anonymous_11)
FNDA:1,(anonymous_12)
FNDA:1,(anonymous_13)
FNDA:0,(anonymous_14)
FNDA:1,(anonymous_15)
FNDA:0,(anonymous_16)
FNDA:0,(anonymous_17)
FNDA:1,(anonymous_18)
FNDA:1,(anonymous_19)
FNDA:0,(anonymous_20)
FNDA:0,(anonymous_21)
FNDA:1,(anonymous_22)
FNDA:1,(anonymous_23)
FNDA:0,(anonymous_24)
DA:24,1
DA:25,14
DA:26,14
DA:27,14
DA:28,14
DA:32,14
DA:33,14
DA:34,14
DA:35,14
DA:36,14
DA:37,14
DA:40,14
DA:41,14
DA:42,0
DA:43,0
DA:46,14
DA:47,0
DA:52,0
DA:55,14
DA:56,3
DA:57,3
DA:60,14
DA:61,1
DA:62,1
DA:63,1
DA:65,0
DA:69,14
DA:70,1
DA:71,1
DA:74,14
DA:75,1
DA:76,0
DA:77,0
DA:80,1
DA:81,1
DA:84,1
DA:86,1
DA:87,1
DA:88,1
DA:91,0
DA:92,0
DA:95,1
DA:99,14
DA:100,1
DA:101,1
DA:102,1
DA:104,1
DA:105,1
DA:107,0
DA:114,14
DA:115,1
DA:116,0
DA:121,14
DA:122,1
DA:123,1
DA:127,14
DA:129,0
DA:130,0
DA:131,0
DA:132,0
DA:136,0
DA:137,0
DA:139,0
DA:143,14
DA:147,0
DA:148,0
DA:152,0
DA:153,0
DA:157,14
DA:158,1
DA:159,1
DA:160,1
DA:163,14
DA:234,1
DA:349,0
DA:360,0
DA:404,1
DA:409,1
DA:415,0
LF:79
LH:54
BRDA:62,0,0,1
BRDA:62,0,1,0
BRDA:70,1,0,1
BRDA:70,1,1,0
BRDA:75,2,0,0
BRDA:75,2,1,1
BRDA:104,3,0,1
BRDA:104,3,1,0
BRDA:122,4,0,1
BRDA:122,4,1,0
BRDA:130,5,0,0
BRDA:130,5,1,0
BRDA:136,6,0,0
BRDA:136,6,1,0
BRDA:147,7,0,0
BRDA:147,7,1,0
BRDA:152,8,0,0
BRDA:152,8,1,0
BRDA:152,9,0,0
BRDA:152,9,1,0
BRDA:385,10,0,14
BRDA:385,10,1,1
BRF:22
BRH:7
end_of_record
TN:
SF:src/utils/env.ts
FN:10,(anonymous_0)
FNF:1
FNH:1
FNDA:7,(anonymous_0)
DA:1,12
DA:10,12
DA:11,7
DA:18,7
DA:19,17
DA:20,6
LF:6
LH:6
BRDA:6,0,0,12
BRDA:6,0,1,10
BRDA:19,1,0,6
BRDA:19,1,1,11
BRF:4
BRH:4
end_of_record
